[Sat Apr  5 17:28:39 2025] PHP 8.4.4 Development Server (http://localhost:8000) started
[Sat Apr  5 17:29:10 2025] [::1]:54320 Accepted
[Sat Apr  5 17:29:10 2025] [::1]:54320 [200]: GET /
[Sat Apr  5 17:29:10 2025] [::1]:54320 Closing
[Sat Apr  5 17:29:14 2025] [::1]:54321 Accepted
[Sat Apr  5 17:29:14 2025] [::1]:54322 Accepted
[Sat Apr  5 17:29:14 2025] [::1]:54321 [200]: GET /
[Sat Apr  5 17:29:14 2025] [::1]:54321 Closing
[Sat Apr  5 17:29:14 2025] [::1]:54322 [200]: GET /images/favicon.png
[Sat Apr  5 17:29:14 2025] [::1]:54322 Closing
[Sat Apr  5 17:29:19 2025] [::1]:54323 Accepted
[Sat Apr  5 17:29:19 2025] [::1]:54323 [200]: GET /
[Sat Apr  5 17:29:19 2025] [::1]:54323 Closing
[Sat Apr  5 17:29:19 2025] [::1]:54324 Accepted
[Sat Apr  5 17:29:22 2025] [::1]:54324 [200]: GET /002-text-tools/compare
[Sat Apr  5 17:29:22 2025] [::1]:54324 Closing
[Sat Apr  5 17:29:22 2025] [::1]:54326 Accepted
[Sat Apr  5 17:30:29 2025] [::1]:54326 Closed without sending a request; it was probably just an unused speculative preconnection
[Sat Apr  5 17:30:29 2025] [::1]:54326 Closing
[Sat Apr  5 17:30:32 2025] [::1]:54329 Accepted
[Sat Apr  5 17:30:34 2025] [::1]:54329 [200]: GET /002-text-tools/counter
[Sat Apr  5 17:30:34 2025] [::1]:54329 Closing
[Sat Apr  5 17:30:34 2025] [::1]:54330 Accepted
[Sat Apr  5 17:30:34 2025] [::1]:54331 Accepted
[Sat Apr  5 17:30:36 2025] [::1]:54330 [200]: GET /003-encoder/url
[Sat Apr  5 17:30:36 2025] [::1]:54330 Closing
[Sat Apr  5 17:30:36 2025] [::1]:54332 Accepted
[Sat Apr  5 17:30:39 2025] [::1]:54331 [200]: GET /003-encoder/jwt
[Sat Apr  5 17:30:39 2025] [::1]:54331 Closing
[Sat Apr  5 17:30:42 2025] [::1]:54332 [200]: GET /003-encoder/base64
[Sat Apr  5 17:30:42 2025] [::1]:54332 Closing
[Sat Apr  5 17:30:42 2025] [::1]:54333 Accepted
[Sat Apr  5 17:31:00 2025] [::1]:54333 [404]: GET /003-encoder/hash-generator - No such file or directory
[Sat Apr  5 17:31:00 2025] [::1]:54333 Closing
[Sat Apr  5 17:31:00 2025] [::1]:54334 Accepted
[Sat Apr  5 17:31:00 2025] [::1]:54335 Accepted
[Sat Apr  5 17:31:00 2025] [::1]:54334 [200]: GET /favicon.ico
[Sat Apr  5 17:31:00 2025] [::1]:54334 Closing
[Sat Apr  5 17:39:09 2025] [::1]:54366 Accepted
[Sat Apr  5 17:39:09 2025] [::1]:54335 Closed without sending a request; it was probably just an unused speculative preconnection
[Sat Apr  5 17:39:09 2025] [::1]:54335 Closing
[Sat Apr  5 17:39:09 2025] [::1]:54367 Accepted
[Sat Apr  5 17:39:09 2025] [::1]:54366 [200]: GET /
[Sat Apr  5 17:39:09 2025] [::1]:54366 Closing
[Sat Apr  5 17:40:49 2025] [::1]:54367 Closed without sending a request; it was probably just an unused speculative preconnection
[Sat Apr  5 17:40:49 2025] [::1]:54367 Closing
[Sat Apr  5 17:40:49 2025] [::1]:54397 Accepted
[Sat Apr  5 17:40:49 2025] [::1]:54398 Accepted
[Sat Apr  5 17:40:49 2025] [::1]:54397 [200]: GET /
[Sat Apr  5 17:40:49 2025] [::1]:54397 Closing
[Sat Apr  5 17:40:49 2025] [::1]:54398 [200]: GET /images/favicon.png
[Sat Apr  5 17:40:49 2025] [::1]:54398 Closing
[Sat Apr  5 17:40:51 2025] [::1]:54399 Accepted
[Sat Apr  5 17:40:54 2025] [::1]:54399 [200]: GET /002-text-tools/hash-generator
[Sat Apr  5 17:40:54 2025] [::1]:54399 Closing
[Sat Apr  5 17:40:54 2025] [::1]:54400 Accepted
[Sat Apr  5 17:41:25 2025] [::1]:54400 [200]: GET /
[Sat Apr  5 17:41:25 2025] [::1]:54400 Closing
[Sat Apr  5 17:41:25 2025] [::1]:54405 Accepted
[Sat Apr  5 17:41:25 2025] [::1]:54406 Accepted
[Sat Apr  5 17:45:49 2025] [::1]:54405 Closed without sending a request; it was probably just an unused speculative preconnection
[Sat Apr  5 17:45:49 2025] [::1]:54405 Closing
[Sat Apr  5 17:45:49 2025] [::1]:54406 Closed without sending a request; it was probably just an unused speculative preconnection
[Sat Apr  5 17:45:49 2025] [::1]:54406 Closing
[Sat Apr  5 17:45:49 2025] [::1]:54430 Accepted
[Sat Apr  5 17:45:50 2025] [::1]:54430 [200]: GET /002-text-tools/compare
[Sat Apr  5 17:45:50 2025] [::1]:54430 Closing
[Sat Apr  5 17:45:50 2025] [::1]:54431 Accepted
[Sat Apr  5 17:45:53 2025] [::1]:54431 [200]: GET /002-text-tools/counter
[Sat Apr  5 17:45:53 2025] [::1]:54431 Closing
[Sat Apr  5 17:45:53 2025] [::1]:54432 Accepted
[Sat Apr  5 17:45:53 2025] [::1]:54433 Accepted
[Sat Apr  5 17:45:54 2025] [::1]:54432 [200]: GET /003-encoder/url
[Sat Apr  5 17:45:54 2025] [::1]:54432 Closing
[Sat Apr  5 17:45:54 2025] [::1]:54434 Accepted
[Sat Apr  5 17:45:56 2025] [::1]:54433 [200]: GET /003-encoder/url
[Sat Apr  5 17:45:56 2025] [::1]:54433 Closing
[Sat Apr  5 17:45:57 2025] [::1]:54434 [200]: GET /003-encoder/url
[Sat Apr  5 17:45:57 2025] [::1]:54434 Closing
[Sat Apr  5 17:45:57 2025] [::1]:54435 Accepted
[Sat Apr  5 17:45:57 2025] [::1]:54436 Accepted
[Sat Apr  5 17:45:59 2025] [::1]:54435 [200]: GET /003-encoder/url
[Sat Apr  5 17:45:59 2025] [::1]:54435 Closing
[Sat Apr  5 17:45:59 2025] [::1]:54438 Accepted
[Sat Apr  5 17:47:45 2025] [::1]:54470 Accepted
[Sat Apr  5 17:47:45 2025] [::1]:54438 Closed without sending a request; it was probably just an unused speculative preconnection
[Sat Apr  5 17:47:45 2025] [::1]:54438 Closing
[Sat Apr  5 17:47:45 2025] [::1]:54436 Closed without sending a request; it was probably just an unused speculative preconnection
[Sat Apr  5 17:47:45 2025] [::1]:54436 Closing
[Sat Apr  5 17:47:45 2025] [::1]:54470 [200]: GET /
[Sat Apr  5 17:47:45 2025] [::1]:54470 Closing
[Sat Apr  5 17:47:45 2025] [::1]:54471 Accepted
[Sat Apr  5 17:47:45 2025] [::1]:54472 Accepted
[Sat Apr  5 17:47:46 2025] [::1]:54471 [200]: GET /002-text-tools/compare
[Sat Apr  5 17:47:46 2025] [::1]:54471 Closing
[Sat Apr  5 17:47:46 2025] [::1]:54473 Accepted
[Sat Apr  5 17:47:48 2025] [::1]:54472 [200]: GET /002-text-tools/counter
[Sat Apr  5 17:47:48 2025] [::1]:54472 Closing
[Sat Apr  5 17:47:48 2025] [::1]:54474 Accepted
[Sat Apr  5 17:47:51 2025] [::1]:54473 [200]: GET /002-text-tools/url
[Sat Apr  5 17:47:51 2025] [::1]:54473 Closing
[Sat Apr  5 17:47:51 2025] [::1]:54475 Accepted
[Sat Apr  5 17:47:54 2025] [::1]:54474 [200]: GET /002-text-tools/url
[Sat Apr  5 17:47:54 2025] [::1]:54474 Closing
[Sat Apr  5 17:47:55 2025] [::1]:54475 [200]: GET /002-text-tools/jwt
[Sat Apr  5 17:47:55 2025] [::1]:54475 Closing
[Sat Apr  5 17:47:55 2025] [::1]:54476 Accepted
[Sat Apr  5 17:48:00 2025] [::1]:54476 [200]: GET /002-text-tools/base64
[Sat Apr  5 17:48:00 2025] [::1]:54476 Closing
[Sat Apr  5 17:48:00 2025] [::1]:54477 Accepted
[Sat Apr  5 17:48:03 2025] [::1]:54477 [200]: GET /002-text-tools/hash-generator
[Sat Apr  5 17:48:03 2025] [::1]:54477 Closing
[Sat Apr  5 17:48:03 2025] [::1]:54478 Accepted
[Sat Apr  5 17:48:46 2025] [::1]:54478 [200]: GET /002-text-tools/compare
[Sat Apr  5 17:48:46 2025] [::1]:54478 Closing
[Sat Apr  5 17:48:46 2025] [::1]:54492 Accepted
[Sat Apr  5 17:48:46 2025] [::1]:54493 Accepted
[Sat Apr  5 17:51:00 2025] [::1]:54492 Closed without sending a request; it was probably just an unused speculative preconnection
[Sat Apr  5 17:51:00 2025] [::1]:54492 Closing
[Sat Apr  5 17:51:00 2025] [::1]:54493 Closed without sending a request; it was probably just an unused speculative preconnection
[Sat Apr  5 17:51:00 2025] [::1]:54493 Closing
[Sat Apr  5 17:53:17 2025] [::1]:54506 Accepted
[Sat Apr  5 17:53:21 2025] [::1]:54506 [200]: GET /002-text-tools/json-formatter
[Sat Apr  5 17:53:21 2025] [::1]:54506 Closing
[Sat Apr  5 17:53:21 2025] [::1]:54507 Accepted
[Sat Apr  5 17:53:37 2025] [::1]:54507 [200]: GET /002-text-tools/hash-generator
[Sat Apr  5 17:53:37 2025] [::1]:54507 Closing
[Sat Apr  5 17:53:37 2025] [::1]:54514 Accepted
[Sat Apr  5 17:53:37 2025] [::1]:54515 Accepted
[Sat Apr  5 17:53:40 2025] [::1]:54514 [200]: GET /002-text-tools/json-formatter
[Sat Apr  5 17:53:40 2025] [::1]:54514 Closing
[Sat Apr  5 17:53:48 2025] [::1]:54515 [404]: GET /002-text-tools/xml-validator - No such file or directory
[Sat Apr  5 17:53:48 2025] [::1]:54515 Closing
[Sat Apr  5 17:53:48 2025] [::1]:54516 Accepted
[Sat Apr  5 17:53:48 2025] [::1]:54516 [200]: GET /favicon.ico
[Sat Apr  5 17:53:48 2025] [::1]:54516 Closing
[Sat Apr  5 17:54:21 2025] [::1]:54518 Accepted
[Sat Apr  5 17:54:21 2025] [::1]:54519 Accepted
[Sat Apr  5 17:54:21 2025] [::1]:54518 [200]: GET /
[Sat Apr  5 17:54:21 2025] [::1]:54518 Closing
[Sat Apr  5 17:55:53 2025] [::1]:54519 Closed without sending a request; it was probably just an unused speculative preconnection
[Sat Apr  5 17:55:53 2025] [::1]:54519 Closing
[Sat Apr  5 17:55:53 2025] [::1]:54557 Accepted
[Sat Apr  5 17:55:54 2025] [::1]:54557 [200]: GET /002-text-tools/xml-validator
[Sat Apr  5 17:55:54 2025] [::1]:54557 Closing
[Sat Apr  5 17:55:54 2025] [::1]:54558 Accepted
[Sat Apr  5 17:55:54 2025] [::1]:54559 Accepted
[Sat Apr  5 17:55:54 2025] [::1]:54558 [200]: GET /images/favicon.png
[Sat Apr  5 17:55:54 2025] [::1]:54558 Closing
[Sat Apr  5 17:56:05 2025] [::1]:54559 [200]: GET /004-converter/hex-image
[Sat Apr  5 17:56:05 2025] [::1]:54559 Closing
[Sat Apr  5 17:56:05 2025] [::1]:54562 Accepted
[Sat Apr  5 17:57:53 2025] [::1]:54603 Accepted
[Sat Apr  5 17:57:53 2025] [::1]:54562 Closed without sending a request; it was probably just an unused speculative preconnection
[Sat Apr  5 17:57:53 2025] [::1]:54562 Closing
[Sat Apr  5 17:57:53 2025] [::1]:54604 Accepted
[Sat Apr  5 17:57:53 2025] [::1]:54603 [200]: GET /004-converter/hex-image
[Sat Apr  5 17:57:53 2025] [::1]:54603 Closing
[Sat Apr  5 17:57:53 2025] [::1]:54604 [200]: GET /images/favicon.png
[Sat Apr  5 17:57:53 2025] [::1]:54604 Closing
[Sat Apr  5 17:57:59 2025] [::1]:54605 Accepted
[Sat Apr  5 17:58:01 2025] [::1]:54605 [200]: GET /004-converter/curl
[Sat Apr  5 17:58:01 2025] [::1]:54605 Closing
[Sat Apr  5 17:58:01 2025] [::1]:54606 Accepted
[Sat Apr  5 17:58:01 2025] [::1]:54607 Accepted
[Sat Apr  5 17:59:27 2025] [::1]:54606 Closed without sending a request; it was probably just an unused speculative preconnection
[Sat Apr  5 17:59:27 2025] [::1]:54606 Closing
[Sat Apr  5 17:59:27 2025] [::1]:54607 Closed without sending a request; it was probably just an unused speculative preconnection
[Sat Apr  5 17:59:27 2025] [::1]:54607 Closing
[Sat Apr  5 17:59:27 2025] [::1]:54639 Accepted
[Sat Apr  5 17:59:27 2025] [::1]:54640 Accepted
[Sat Apr  5 17:59:27 2025] [::1]:54639 [200]: GET /004-converter/curl
[Sat Apr  5 17:59:27 2025] [::1]:54639 Closing
[Sat Apr  5 17:59:27 2025] [::1]:54640 [200]: GET /images/favicon.png
[Sat Apr  5 17:59:27 2025] [::1]:54640 Closing
[Sat Apr  5 17:59:33 2025] [::1]:54641 Accepted
[Sat Apr  5 17:59:36 2025] [::1]:54641 [200]: GET /004-converter/qr
[Sat Apr  5 17:59:36 2025] [::1]:54641 Closing
[Sat Apr  5 17:59:36 2025] [::1]:54642 Accepted
[Sat Apr  5 18:00:29 2025] [::1]:54642 Closed without sending a request; it was probably just an unused speculative preconnection
[Sat Apr  5 18:00:29 2025] [::1]:54642 Closing
[Sat Apr  5 18:01:41 2025] [::1]:54694 Accepted
[Sat Apr  5 18:01:41 2025] [::1]:54694 [200]: GET /004-converter/qr
[Sat Apr  5 18:01:41 2025] [::1]:54694 Closing
[Sat Apr  5 18:01:41 2025] [::1]:54695 Accepted
[Sat Apr  5 18:01:41 2025] [::1]:54695 [200]: GET /images/favicon.png
[Sat Apr  5 18:01:41 2025] [::1]:54695 Closing
[Sat Apr  5 18:01:44 2025] [::1]:54697 Accepted
[Sat Apr  5 18:01:44 2025] [::1]:54697 [200]: POST /004-converter/qr
[Sat Apr  5 18:01:44 2025] [::1]:54697 Closing
[Sat Apr  5 18:01:44 2025] [::1]:54698 Accepted
[Sat Apr  5 18:01:54 2025] [::1]:54698 [200]: GET /004-converter/timestamp
[Sat Apr  5 18:01:54 2025] [::1]:54698 Closing
[Sat Apr  5 18:01:54 2025] [::1]:54701 Accepted
[Sat Apr  5 18:01:54 2025] [::1]:54702 Accepted
[Sat Apr  5 18:03:35 2025] [::1]:54701 Closed without sending a request; it was probably just an unused speculative preconnection
[Sat Apr  5 18:03:35 2025] [::1]:54701 Closing
[Sat Apr  5 18:03:35 2025] [::1]:54702 Closed without sending a request; it was probably just an unused speculative preconnection
[Sat Apr  5 18:03:35 2025] [::1]:54702 Closing
[Sat Apr  5 18:05:07 2025] [::1]:54719 Accepted
[Sat Apr  5 18:05:07 2025] [::1]:54720 Accepted
[Sat Apr  5 18:05:07 2025] [::1]:54719 [200]: GET /004-converter/timestamp
[Sat Apr  5 18:05:07 2025] [::1]:54719 Closing
[Sat Apr  5 18:06:27 2025] [::1]:54720 Closed without sending a request; it was probably just an unused speculative preconnection
[Sat Apr  5 18:06:27 2025] [::1]:54720 Closing
[Sat Apr  5 18:06:27 2025] [::1]:54744 Accepted
[Sat Apr  5 18:06:27 2025] [::1]:54744 [200]: GET /004-converter/timestamp
[Sat Apr  5 18:06:27 2025] [::1]:54744 Closing
[Sat Apr  5 18:06:27 2025] [::1]:54745 Accepted
[Sat Apr  5 18:06:27 2025] [::1]:54746 Accepted
[Sat Apr  5 18:06:27 2025] [::1]:54745 [200]: GET /images/favicon.png
[Sat Apr  5 18:06:27 2025] [::1]:54745 Closing
[Sat Apr  5 18:06:49 2025] [::1]:54746 [200]: GET /004-converter/markdown
[Sat Apr  5 18:06:49 2025] [::1]:54746 Closing
[Sat Apr  5 18:06:49 2025] [::1]:54747 Accepted
[Sat Apr  5 18:08:28 2025] [::1]:54747 Closed without sending a request; it was probably just an unused speculative preconnection
[Sat Apr  5 18:08:28 2025] [::1]:54747 Closing
[Sat Apr  5 18:08:28 2025] [::1]:54796 Accepted
[Sat Apr  5 18:08:28 2025] [::1]:54796 [200]: GET /004-converter/markdown
[Sat Apr  5 18:08:28 2025] [::1]:54796 Closing
[Sat Apr  5 18:08:28 2025] [::1]:54797 Accepted
[Sat Apr  5 18:08:28 2025] [::1]:54798 Accepted
[Sat Apr  5 18:08:28 2025] [::1]:54797 [200]: GET /images/favicon.png
[Sat Apr  5 18:08:28 2025] [::1]:54797 Closing
[Sat Apr  5 18:08:36 2025] [::1]:54798 [200]: GET /006-developer-tools/cron-examples
[Sat Apr  5 18:08:36 2025] [::1]:54798 Closing
[Sat Apr  5 18:08:36 2025] [::1]:54800 Accepted
[Sat Apr  5 18:08:36 2025] [::1]:54801 Accepted
[Sat Apr  5 18:11:29 2025] [::1]:54851 Accepted
[Sat Apr  5 18:11:29 2025] [::1]:54800 Closed without sending a request; it was probably just an unused speculative preconnection
[Sat Apr  5 18:11:29 2025] [::1]:54800 Closing
[Sat Apr  5 18:11:29 2025] [::1]:54801 Closed without sending a request; it was probably just an unused speculative preconnection
[Sat Apr  5 18:11:29 2025] [::1]:54801 Closing
[Sat Apr  5 18:11:29 2025] [::1]:54852 Accepted
[Sat Apr  5 18:11:29 2025] [::1]:54851 [404]: GET /006-developer-tools/cron-examples - No such file or directory
[Sat Apr  5 18:11:29 2025] [::1]:54851 Closing
[Sat Apr  5 18:11:29 2025] [::1]:54852 [200]: GET /favicon.ico
[Sat Apr  5 18:11:29 2025] [::1]:54852 Closing
[Sat Apr  5 18:11:31 2025] [::1]:54853 Accepted
[Sat Apr  5 18:11:31 2025] [::1]:54854 Accepted
[Sat Apr  5 18:11:31 2025] [::1]:54853 [200]: GET /images/favicon.png
[Sat Apr  5 18:11:31 2025] [::1]:54853 Closing
[Sat Apr  5 18:11:37 2025] [::1]:54854 [404]: GET /006-developer-tools/cron-examples - No such file or directory
[Sat Apr  5 18:11:37 2025] [::1]:54854 Closing
[Sat Apr  5 18:11:37 2025] [::1]:54855 Accepted
[Sat Apr  5 18:11:37 2025] [::1]:54855 [200]: GET /favicon.ico
[Sat Apr  5 18:11:37 2025] [::1]:54855 Closing
[Sat Apr  5 18:11:40 2025] [::1]:54856 Accepted
[Sat Apr  5 18:11:40 2025] [::1]:54856 [200]: GET /004-converter/markdown
[Sat Apr  5 18:11:40 2025] [::1]:54856 Closing
[Sat Apr  5 18:11:40 2025] [::1]:54857 Accepted
[Sat Apr  5 18:11:40 2025] [::1]:54858 Accepted
[Sat Apr  5 18:11:41 2025] [::1]:54857 [200]: GET /images/favicon.png
[Sat Apr  5 18:11:41 2025] [::1]:54857 Closing
[Sat Apr  5 18:11:45 2025] [::1]:54858 [200]: GET /004-converter/cron-examples
[Sat Apr  5 18:11:45 2025] [::1]:54858 Closing
[Sat Apr  5 18:11:45 2025] [::1]:54860 Accepted
[Sat Apr  5 18:11:45 2025] [::1]:54861 Accepted
[Sat Apr  5 18:13:10 2025] [::1]:54860 Closed without sending a request; it was probably just an unused speculative preconnection
[Sat Apr  5 18:13:10 2025] [::1]:54860 Closing
[Sat Apr  5 18:13:10 2025] [::1]:54875 Accepted
[Sat Apr  5 18:13:10 2025] [::1]:54861 Closed without sending a request; it was probably just an unused speculative preconnection
[Sat Apr  5 18:13:10 2025] [::1]:54861 Closing
[Sat Apr  5 18:13:10 2025] [::1]:54876 Accepted
[Sat Apr  5 18:13:10 2025] [::1]:54875 [200]: GET /004-converter/cron-examples
[Sat Apr  5 18:13:10 2025] [::1]:54875 Closing
[Sat Apr  5 18:13:10 2025] [::1]:54876 [200]: GET /images/favicon.png
[Sat Apr  5 18:13:10 2025] [::1]:54876 Closing
[Sat Apr  5 18:13:13 2025] [::1]:54881 Accepted
[Sat Apr  5 18:13:13 2025] [::1]:54881 [200]: GET /004-converter/cron-examples
[Sat Apr  5 18:13:13 2025] [::1]:54881 Closing
[Sat Apr  5 18:13:13 2025] [::1]:54882 Accepted
[Sat Apr  5 18:13:13 2025] [::1]:54883 Accepted
[Sat Apr  5 18:13:13 2025] [::1]:54882 [200]: GET /images/favicon.png
[Sat Apr  5 18:13:13 2025] [::1]:54882 Closing
[Sat Apr  5 18:13:30 2025] [::1]:54891 Accepted
[Sat Apr  5 18:13:30 2025] [::1]:54883 [200]: GET /004-converter/cron-examples
[Sat Apr  5 18:13:30 2025] [::1]:54883 Closing
[Sat Apr  5 18:13:30 2025] [::1]:54891 [200]: GET /images/favicon.png
[Sat Apr  5 18:13:30 2025] [::1]:54891 Closing
[Sat Apr  5 18:14:57 2025] [::1]:54899 Accepted
[Sat Apr  5 18:14:59 2025] [::1]:54899 [404]: GET /004-converter/regex-examples - No such file or directory
[Sat Apr  5 18:14:59 2025] [::1]:54899 Closing
[Sat Apr  5 18:14:59 2025] [::1]:54900 Accepted
[Sat Apr  5 18:14:59 2025] [::1]:54901 Accepted
[Sat Apr  5 18:14:59 2025] [::1]:54900 [200]: GET /favicon.ico
[Sat Apr  5 18:14:59 2025] [::1]:54900 Closing
[Sat Apr  5 18:15:08 2025] [::1]:54901 [200]: GET /
[Sat Apr  5 18:15:08 2025] [::1]:54901 Closing
[Sat Apr  5 18:15:08 2025] [::1]:54902 Accepted
[Sat Apr  5 18:15:43 2025] [::1]:54902 [200]: GET /
[Sat Apr  5 18:15:43 2025] [::1]:54902 Closing
[Sat Apr  5 18:15:43 2025] [::1]:54928 Accepted
[Sat Apr  5 18:15:43 2025] [::1]:54929 Accepted
[Sat Apr  5 18:16:33 2025] [::1]:54928 [200]: GET /004-converter/regex-examples
[Sat Apr  5 18:16:33 2025] [::1]:54928 Closing
[Sat Apr  5 18:16:33 2025] [::1]:54942 Accepted
[Sat Apr  5 18:16:34 2025] [::1]:54929 [200]: GET /images/favicon.png
[Sat Apr  5 18:16:34 2025] [::1]:54929 Closing
[Sat Apr  5 18:16:50 2025] [::1]:54942 [200]: GET /007-security-tools/tls-check
[Sat Apr  5 18:16:50 2025] [::1]:54942 Closing
[Sat Apr  5 18:16:50 2025] [::1]:54943 Accepted
[Sat Apr  5 18:16:50 2025] [::1]:54944 Accepted
[Sat Apr  5 18:19:42 2025] [::1]:54943 Closed without sending a request; it was probably just an unused speculative preconnection
[Sat Apr  5 18:19:42 2025] [::1]:54943 Closing
[Sat Apr  5 18:19:42 2025] [::1]:54944 Closed without sending a request; it was probably just an unused speculative preconnection
[Sat Apr  5 18:19:42 2025] [::1]:54944 Closing
[Sat Apr  5 18:19:42 2025] [::1]:54976 Accepted
[Sat Apr  5 18:19:42 2025] [::1]:54976 [200]: GET /007-security-tools/tls-check
[Sat Apr  5 18:19:42 2025] [::1]:54976 Closing
[Sat Apr  5 18:19:42 2025] [::1]:54977 Accepted
[Sat Apr  5 18:20:02 2025] [::1]:54977 [200]: GET /007-security-tools/tls-check
[Sat Apr  5 18:20:02 2025] [::1]:54977 Closing
[Sat Apr  5 18:20:02 2025] [::1]:54978 Accepted
[Sat Apr  5 18:20:02 2025] [::1]:54979 Accepted
[Sat Apr  5 18:20:02 2025] [::1]:54978 [200]: GET /images/favicon.png
[Sat Apr  5 18:20:02 2025] [::1]:54978 Closing
[Sat Apr  5 18:20:12 2025] [::1]:54979 [404]: GET /007-security-tools/ip-info - No such file or directory
[Sat Apr  5 18:20:12 2025] [::1]:54979 Closing
[Sat Apr  5 18:20:12 2025] [::1]:54980 Accepted
[Sat Apr  5 18:20:12 2025] [::1]:54981 Accepted
[Sat Apr  5 18:20:12 2025] [::1]:54980 [200]: GET /favicon.ico
[Sat Apr  5 18:20:12 2025] [::1]:54980 Closing
[Sat Apr  5 18:20:21 2025] [::1]:54981 [200]: GET /
[Sat Apr  5 18:20:21 2025] [::1]:54981 Closing
[Sat Apr  5 18:20:21 2025] [::1]:54982 Accepted
[Sat Apr  5 18:21:41 2025] [::1]:54982 Closed without sending a request; it was probably just an unused speculative preconnection
[Sat Apr  5 18:21:41 2025] [::1]:54982 Closing
[Sat Apr  5 18:21:54 2025] [::1]:55023 Accepted
[Sat Apr  5 18:21:54 2025] [::1]:55023 [200]: GET /007-security-tools/ip-info
[Sat Apr  5 18:21:54 2025] [::1]:55023 Closing
[Sat Apr  5 18:21:54 2025] [::1]:55024 Accepted
[Sat Apr  5 18:21:54 2025] [::1]:55024 [200]: GET /images/favicon.png
[Sat Apr  5 18:21:54 2025] [::1]:55024 Closing
[Sat Apr  5 18:22:59 2025] [::1]:55042 Accepted
[Sat Apr  5 18:22:59 2025] [::1]:55042 [200]: GET /007-security-tools/ip-info
[Sat Apr  5 18:22:59 2025] [::1]:55042 Closing
[Sat Apr  5 18:22:59 2025] [::1]:55043 Accepted
[Sat Apr  5 18:22:59 2025] [::1]:55044 Accepted
[Sat Apr  5 18:22:59 2025] [::1]:55043 [200]: GET /images/favicon.png
[Sat Apr  5 18:22:59 2025] [::1]:55043 Closing
[Sat Apr  5 18:23:53 2025] [::1]:55080 Accepted
[Sat Apr  5 18:23:53 2025] [::1]:55044 [200]: GET /007-security-tools/ip-info
[Sat Apr  5 18:23:53 2025] [::1]:55044 Closing
[Sat Apr  5 18:23:53 2025] [::1]:55080 [200]: GET /images/favicon.png
[Sat Apr  5 18:23:53 2025] [::1]:55080 Closing
[Sat Apr  5 18:23:56 2025] [::1]:55083 Accepted
[Sat Apr  5 18:23:57 2025] [::1]:55083 [200]: POST /007-security-tools/ip-info
[Sat Apr  5 18:23:57 2025] [::1]:55083 Closing
[Sat Apr  5 18:26:16 2025] [::1]:55196 Accepted
[Sat Apr  5 18:26:16 2025] [::1]:55196 [200]: GET /007-security-tools/ip-info
[Sat Apr  5 18:26:16 2025] [::1]:55196 Closing
[Sat Apr  5 18:26:16 2025] [::1]:55197 Accepted
[Sat Apr  5 18:26:16 2025] [::1]:55198 Accepted
[Sat Apr  5 18:26:16 2025] [::1]:55197 [200]: GET /images/favicon.png
[Sat Apr  5 18:26:16 2025] [::1]:55197 Closing
[Sat Apr  5 18:26:26 2025] [::1]:55198 [200]: GET /007-security-tools/ip-info
[Sat Apr  5 18:26:26 2025] [::1]:55198 Closing
[Sat Apr  5 18:26:26 2025] [::1]:55209 Accepted
[Sat Apr  5 18:26:30 2025] [::1]:55209 [200]: GET /images/favicon.png
[Sat Apr  5 18:26:30 2025] [::1]:55209 Closing
[Sat Apr  5 18:26:58 2025] [::1]:55211 Accepted
[Sat Apr  5 18:26:58 2025] [::1]:55212 Accepted
[Sat Apr  5 18:26:58 2025] [::1]:55211 [200]: GET /007-security-tools/ip-info
[Sat Apr  5 18:26:58 2025] [::1]:55211 Closing
[Sat Apr  5 18:26:59 2025] [::1]:55212 [200]: GET /images/favicon.png
[Sat Apr  5 18:26:59 2025] [::1]:55212 Closing
[Sat Apr  5 18:28:04 2025] [::1]:55238 Accepted
[Sat Apr  5 18:28:04 2025] [::1]:55238 [200]: GET /007-security-tools/ip-info
[Sat Apr  5 18:28:04 2025] [::1]:55238 Closing
[Sat Apr  5 18:28:04 2025] [::1]:55239 Accepted
[Sat Apr  5 18:28:04 2025] [::1]:55240 Accepted
[Sat Apr  5 18:28:04 2025] [::1]:55239 [200]: GET /images/favicon.png
[Sat Apr  5 18:28:04 2025] [::1]:55239 Closing
[Sat Apr  5 18:28:09 2025] [::1]:55240 [200]: POST /007-security-tools/ip-info
[Sat Apr  5 18:28:09 2025] [::1]:55240 Closing
[Sat Apr  5 18:28:12 2025] [::1]:55242 Accepted
[Sat Apr  5 18:28:12 2025] [::1]:55242 [200]: POST /007-security-tools/ip-info
[Sat Apr  5 18:28:12 2025] [::1]:55242 Closing
[Sat Apr  5 18:29:13 2025] [::1]:55291 Accepted
[Sat Apr  5 18:29:13 2025] [::1]:55292 Accepted
[Sat Apr  5 18:29:13 2025] [::1]:55291 [200]: GET /007-security-tools/ip-info
[Sat Apr  5 18:29:13 2025] [::1]:55291 Closing
[Sat Apr  5 18:29:13 2025] [::1]:55292 [200]: GET /images/favicon.png
[Sat Apr  5 18:29:13 2025] [::1]:55292 Closing
[Sat Apr  5 18:29:18 2025] [::1]:55294 Accepted
[Sat Apr  5 18:29:18 2025] [::1]:55294 [200]: POST /007-security-tools/ip-info
[Sat Apr  5 18:29:18 2025] [::1]:55294 Closing
[Sat Apr  5 18:30:23 2025] [::1]:55317 Accepted
[Sat Apr  5 18:30:23 2025] [::1]:55317 [200]: GET /007-security-tools/ip-info
[Sat Apr  5 18:30:23 2025] [::1]:55317 Closing
[Sat Apr  5 18:30:23 2025] [::1]:55318 Accepted
[Sat Apr  5 18:30:23 2025] [::1]:55319 Accepted
[Sat Apr  5 18:30:23 2025] [::1]:55318 [200]: GET /images/favicon.png
[Sat Apr  5 18:30:23 2025] [::1]:55318 Closing
[Sat Apr  5 18:30:29 2025] [::1]:55319 Closed without sending a request; it was probably just an unused speculative preconnection
[Sat Apr  5 18:30:29 2025] [::1]:55319 Closing
[Sat Apr  5 18:30:29 2025] [::1]:55322 Accepted
[Sat Apr  5 18:30:30 2025] [::1]:55322 [200]: POST /007-security-tools/ip-info
[Sat Apr  5 18:30:30 2025] [::1]:55322 Closing
[Sat Apr  5 18:31:36 2025] [::1]:55348 Accepted
[Sat Apr  5 18:31:36 2025] [::1]:55349 Accepted
[Sat Apr  5 18:31:36 2025] [::1]:55348 [200]: GET /007-security-tools/ip-info
[Sat Apr  5 18:31:36 2025] [::1]:55348 Closing
[Sat Apr  5 18:31:36 2025] [::1]:55349 [200]: GET /images/favicon.png
[Sat Apr  5 18:31:36 2025] [::1]:55349 Closing
[Sat Apr  5 18:31:40 2025] [::1]:55351 Accepted
[Sat Apr  5 18:31:40 2025] [::1]:55351 [200]: POST /007-security-tools/ip-info
[Sat Apr  5 18:31:40 2025] [::1]:55351 Closing
[Sat Apr  5 18:31:45 2025] [::1]:55353 Accepted
[Sat Apr  5 18:31:47 2025] [::1]:55353 [200]: GET /007-security-tools/tls-check
[Sat Apr  5 18:31:47 2025] [::1]:55353 Closing
[Sat Apr  5 18:31:47 2025] [::1]:55354 Accepted
[Sat Apr  5 18:34:00 2025] [::1]:55354 Closed without sending a request; it was probably just an unused speculative preconnection
[Sat Apr  5 18:34:00 2025] [::1]:55354 Closing
[Sat Apr  5 18:34:00 2025] [::1]:55401 Accepted
[Sat Apr  5 18:34:00 2025] [::1]:55401 [200]: GET /007-security-tools/tls-check
[Sat Apr  5 18:34:00 2025] [::1]:55401 Closing
[Sat Apr  5 18:34:00 2025] [::1]:55402 Accepted
[Sat Apr  5 18:34:00 2025] [::1]:55403 Accepted
[Sat Apr  5 18:34:00 2025] [::1]:55402 [200]: GET /images/favicon.png
[Sat Apr  5 18:34:00 2025] [::1]:55402 Closing
[Sat Apr  5 18:34:02 2025] [::1]:55403 [200]: GET /007-security-tools/tls-check
[Sat Apr  5 18:34:02 2025] [::1]:55403 Closing
[Sat Apr  5 18:34:02 2025] [::1]:55404 Accepted
[Sat Apr  5 18:34:02 2025] [::1]:55405 Accepted
[Sat Apr  5 18:34:03 2025] [::1]:55404 [200]: GET /images/favicon.png
[Sat Apr  5 18:34:03 2025] [::1]:55404 Closing
[Sat Apr  5 18:34:11 2025] [::1]:55405 [200]: GET /007-security-tools/tls-check
[Sat Apr  5 18:34:11 2025] [::1]:55405 Closing
[Sat Apr  5 18:34:11 2025] [::1]:55406 Accepted
[Sat Apr  5 18:34:11 2025] [::1]:55407 Accepted
[Sat Apr  5 18:34:11 2025] [::1]:55406 [200]: GET /images/favicon.png
[Sat Apr  5 18:34:11 2025] [::1]:55406 Closing
[Sat Apr  5 18:34:38 2025] [::1]:55407 [200]: GET /007-security-tools/tls-check
[Sat Apr  5 18:34:38 2025] [::1]:55407 Closing
[Sat Apr  5 18:34:38 2025] [::1]:55421 Accepted
[Sat Apr  5 18:34:40 2025] [::1]:55421 [200]: GET /007-security-tools/tls-check
[Sat Apr  5 18:34:40 2025] [::1]:55421 Closing
[Sat Apr  5 18:34:40 2025] [::1]:55422 Accepted
[Sat Apr  5 18:34:40 2025] [::1]:55423 Accepted
[Sat Apr  5 18:34:41 2025] [::1]:55422 [200]: GET /images/favicon.png
[Sat Apr  5 18:34:41 2025] [::1]:55422 Closing
[Sat Apr  5 18:35:38 2025] [::1]:55423 [200]: GET /007-security-tools/tls-check
[Sat Apr  5 18:35:38 2025] [::1]:55423 Closing
[Sat Apr  5 18:35:38 2025] [::1]:55463 Accepted
[Sat Apr  5 18:35:39 2025] [::1]:55463 [200]: GET /images/favicon.png
[Sat Apr  5 18:35:39 2025] [::1]:55463 Closing
[Sat Apr  5 18:36:10 2025] [::1]:55609 Accepted
[Sat Apr  5 18:36:10 2025] [::1]:55610 Accepted
[Sat Apr  5 18:36:10 2025] [::1]:55609 [200]: GET /007-security-tools/tls-check
[Sat Apr  5 18:36:10 2025] [::1]:55609 Closing
[Sat Apr  5 18:36:10 2025] [::1]:55610 [200]: GET /images/favicon.png
[Sat Apr  5 18:36:10 2025] [::1]:55610 Closing
[Sat Apr  5 18:36:13 2025] [::1]:55623 Accepted
[Sat Apr  5 18:36:13 2025] [::1]:55624 Accepted
[Sat Apr  5 18:36:13 2025] [::1]:55623 [200]: GET /007-security-tools/tls-check
[Sat Apr  5 18:36:13 2025] [::1]:55623 Closing
[Sat Apr  5 18:36:15 2025] [::1]:55624 [200]: GET /images/favicon.png
[Sat Apr  5 18:36:15 2025] [::1]:55624 Closing
[Sat Apr  5 18:36:44 2025] [::1]:55773 Accepted
[Sat Apr  5 18:36:44 2025] [::1]:55774 Accepted
[Sat Apr  5 18:36:44 2025] [::1]:55773 [200]: GET /007-security-tools/tls-check
[Sat Apr  5 18:36:44 2025] [::1]:55773 Closing
[Sat Apr  5 18:36:44 2025] [::1]:55774 [200]: GET /images/favicon.png
[Sat Apr  5 18:36:44 2025] [::1]:55774 Closing
[Sat Apr  5 18:37:23 2025] [::1]:55957 Accepted
[Sat Apr  5 18:37:23 2025] [::1]:55957 [200]: GET /007-security-tools/tls-check
[Sat Apr  5 18:37:23 2025] [::1]:55957 Closing
[Sat Apr  5 18:37:23 2025] [::1]:55958 Accepted
[Sat Apr  5 18:37:23 2025] [::1]:55958 [200]: GET /images/favicon.png
[Sat Apr  5 18:37:23 2025] [::1]:55958 Closing
[Sat Apr  5 18:38:02 2025] [::1]:56134 Accepted
[Sat Apr  5 18:38:02 2025] [::1]:56135 Accepted
[Sat Apr  5 18:38:02 2025] [::1]:56134 [200]: GET /007-security-tools/tls-check
[Sat Apr  5 18:38:02 2025] [::1]:56134 Closing
[Sat Apr  5 18:38:05 2025] [::1]:56135 [200]: GET /images/favicon.png
[Sat Apr  5 18:38:05 2025] [::1]:56135 Closing
[Sat Apr  5 18:38:11 2025] [::1]:56172 Accepted
[Sat Apr  5 18:38:11 2025] [::1]:56172 [200]: POST /api/check-tls.php
[Sat Apr  5 18:38:11 2025] [::1]:56172 Closing
[Sat Apr  5 18:38:40 2025] [::1]:56296 Accepted
[Sat Apr  5 18:38:40 2025] [::1]:56296 [200]: POST /api/check-tls.php
[Sat Apr  5 18:38:40 2025] [::1]:56296 Closing
[Sat Apr  5 18:38:41 2025] [::1]:56301 Accepted
[Sat Apr  5 18:38:41 2025] [::1]:56302 Accepted
[Sat Apr  5 18:38:41 2025] [::1]:56301 [200]: GET /007-security-tools/tls-check
[Sat Apr  5 18:38:41 2025] [::1]:56301 Closing
[Sat Apr  5 18:38:42 2025] [::1]:56302 [200]: GET /images/favicon.png
[Sat Apr  5 18:38:42 2025] [::1]:56302 Closing
[Sat Apr  5 18:43:37 2025] [::1]:57567 Accepted
[Sat Apr  5 18:43:44 2025] [::1]:57596 Accepted
[Sat Apr  5 18:43:44 2025] [::1]:57567 [200]: GET /007-security-tools/tls-check
[Sat Apr  5 18:43:44 2025] [::1]:57567 Closing
[Sat Apr  5 18:43:46 2025] [::1]:57596 [200]: GET /images/favicon.png
[Sat Apr  5 18:43:46 2025] [::1]:57596 Closing
[Sat Apr  5 18:43:55 2025] [::1]:57641 Accepted
[Sat Apr  5 18:43:55 2025] [::1]:57641 [200]: POST /api/check-tls.php
[Sat Apr  5 18:43:55 2025] [::1]:57641 Closing
[Sat Apr  5 18:44:09 2025] [::1]:57703 Accepted
[Sat Apr  5 18:44:09 2025] [::1]:57703 [200]: POST /api/check-tls.php
[Sat Apr  5 18:44:09 2025] [::1]:57703 Closing
[Sat Apr  5 18:44:19 2025] [::1]:57749 Accepted
[Sat Apr  5 18:44:21 2025] [::1]:57749 [404]: GET /007-security-tools/cidr-calculator - No such file or directory
[Sat Apr  5 18:44:21 2025] [::1]:57749 Closing
[Sat Apr  5 18:44:21 2025] [::1]:57754 Accepted
[Sat Apr  5 18:44:21 2025] [::1]:57755 Accepted
[Sat Apr  5 18:44:21 2025] [::1]:57754 [200]: GET /favicon.ico
[Sat Apr  5 18:44:21 2025] [::1]:57754 Closing
